2024-08-11 15:54:14,081 - INFO - 
 ********  Iniciando o script Sensores_01_Bot_Site.py ******

2024-08-11 15:54:14,097 - INFO - Usando driver path: G:\\Ferramentas\\chromedriver-win64\\chromedriver.exe
2024-08-11 15:54:14,098 - INFO - Usando username: DLJ8PBRP5
2024-08-11 15:54:14,098 - INFO - Pasta temporária criada: bot_csv_2024_08_11_15_54_14
2024-08-11 15:54:16,044 - INFO - Configured download path: G:\Projetos\sensores - UP - 18_07_2024\sensores_python\bot_csv_2024_08_11_15_54_14
2024-08-11 15:54:16,046 - INFO - WebDriver configurado com o caminho de download: bot_csv_2024_08_11_15_54_14
2024-08-11 15:54:16,047 - INFO - Acessando a página de login...
2024-08-11 15:54:20,238 - INFO - Página de login acessada.
2024-08-11 15:54:20,238 - INFO - Página de login carregada.
2024-08-11 15:54:20,325 - INFO - Campo de username preenchido.
2024-08-11 15:54:20,436 - INFO - Campo de password preenchido.
2024-08-11 15:54:20,493 - INFO - Termos de uso aceitos.
2024-08-11 15:54:20,698 - INFO - Botão de login clicado.
2024-08-11 15:54:20,699 - INFO - Esperar 15 segundos para redirecionamento.
2024-08-11 15:54:35,701 - INFO - Redirecionamento.
2024-08-11 15:54:35,711 - INFO - Login realizado com sucesso!
2024-08-11 15:54:35,712 - INFO - Verificando a URL da página atual...
2024-08-11 15:54:35,719 - INFO - URL atual: https://g3-app.e-kakashi.com/
2024-08-11 15:54:35,720 - INFO - Página principal após login detectada.
2024-08-11 15:54:35,721 - INFO - Navegando para a página de dispositivos: https://g3-app.e-kakashi.com/setting/devices
2024-08-11 15:54:37,717 - INFO - Página de dispositivos acessada.
2024-08-11 15:54:37,719 - INFO - Esperando a página de dispositivos carregar...
2024-08-11 15:54:38,268 - INFO - Elemento 'Device list' localizado.
2024-08-11 15:54:53,270 - INFO - Extraindo dados dos dispositivos.
2024-08-11 15:54:56,250 - INFO - Tabela de Dispositivos:
+-------+-----------+-------------+------------------------------------------------------+
| Index | Device ID | Device Name |                         HREF                         |
+-------+-----------+-------------+------------------------------------------------------+
|   1   |  R189001  |  TG2011001A | https://g3-app.e-kakashi.com/setting/devices/R189001 |
|   2   |  R189010  |  TG2011002A | https://g3-app.e-kakashi.com/setting/devices/R189010 |
|   3   |  R189008  |  TG2011003A | https://g3-app.e-kakashi.com/setting/devices/R189008 |
|   4   |  R189031  |  TG2011005A | https://g3-app.e-kakashi.com/setting/devices/R189031 |
|   5   |  R189000  |  TG2011006A | https://g3-app.e-kakashi.com/setting/devices/R189000 |
|   6   |  R189011  |  TG2011008A | https://g3-app.e-kakashi.com/setting/devices/R189011 |
|   7   |  R189006  |  TG2011009A | https://g3-app.e-kakashi.com/setting/devices/R189006 |
|   8   |  R189007  |  TG2011030A | https://g3-app.e-kakashi.com/setting/devices/R189007 |
|   9   |  R189009  |  TG2011031A | https://g3-app.e-kakashi.com/setting/devices/R189009 |
|   10  |  R189003  |  TG2011034A | https://g3-app.e-kakashi.com/setting/devices/R189003 |
|   11  |  R189005  |  TG21900011 | https://g3-app.e-kakashi.com/setting/devices/R189005 |
|   12  |  R189002  |  TG21900012 | https://g3-app.e-kakashi.com/setting/devices/R189002 |
|   13  |  R189004  |  TG21900013 | https://g3-app.e-kakashi.com/setting/devices/R189004 |
|   14  |  R189032  |  TG21900015 | https://g3-app.e-kakashi.com/setting/devices/R189032 |
|   15  |  R189014  |  TG21900016 | https://g3-app.e-kakashi.com/setting/devices/R189014 |
|   16  |  R189033  |  TG21900017 | https://g3-app.e-kakashi.com/setting/devices/R189033 |
|   17  |  R189015  |  TG21900018 | https://g3-app.e-kakashi.com/setting/devices/R189015 |
|   18  |  R189034  |  TG21900019 | https://g3-app.e-kakashi.com/setting/devices/R189034 |
|   19  |  R189016  |  TG21900020 | https://g3-app.e-kakashi.com/setting/devices/R189016 |
|   20  |  R189017  |  TG21900021 | https://g3-app.e-kakashi.com/setting/devices/R189017 |
|   21  |  R189018  |  TG21900022 | https://g3-app.e-kakashi.com/setting/devices/R189018 |
|   22  |  R189035  |  TG21900023 | https://g3-app.e-kakashi.com/setting/devices/R189035 |
|   23  |  R189019  |  TG21900024 | https://g3-app.e-kakashi.com/setting/devices/R189019 |
|   24  |  R189020  |  TG21900025 | https://g3-app.e-kakashi.com/setting/devices/R189020 |
|   25  |  R189021  |  TG21900026 | https://g3-app.e-kakashi.com/setting/devices/R189021 |
|   26  |  R189022  |  TG21900027 | https://g3-app.e-kakashi.com/setting/devices/R189022 |
|   27  |  R189023  |  TG21900028 | https://g3-app.e-kakashi.com/setting/devices/R189023 |
|   28  |  R189024  |  TG21900029 | https://g3-app.e-kakashi.com/setting/devices/R189024 |
|   29  |  R189025  |  TG21900030 | https://g3-app.e-kakashi.com/setting/devices/R189025 |
|   30  |  R189012  |  TG21900035 | https://g3-app.e-kakashi.com/setting/devices/R189012 |
|   31  |  R189036  |  TG21900036 | https://g3-app.e-kakashi.com/setting/devices/R189036 |
|   32  |  R189037  |  TG21900037 | https://g3-app.e-kakashi.com/setting/devices/R189037 |
|   33  |  R189013  |  TG21900038 | https://g3-app.e-kakashi.com/setting/devices/R189013 |
|   34  |  R189030  |  TG21900039 | https://g3-app.e-kakashi.com/setting/devices/R189030 |
|   35  |  R189026  |  TG21900046 | https://g3-app.e-kakashi.com/setting/devices/R189026 |
|   36  |  R189027  |  TG21900047 | https://g3-app.e-kakashi.com/setting/devices/R189027 |
|   37  |  R189028  |  TG21900048 | https://g3-app.e-kakashi.com/setting/devices/R189028 |
|   38  |  R189029  |  TG21900050 | https://g3-app.e-kakashi.com/setting/devices/R189029 |
|   39  |  R189038  |  TG22800017 | https://g3-app.e-kakashi.com/setting/devices/R189038 |
|   40  |  R189039  |  TG22800018 | https://g3-app.e-kakashi.com/setting/devices/R189039 |
+-------+-----------+-------------+------------------------------------------------------+
2024-08-11 15:54:56,254 - INFO - 1/40 Acessando detalhes do dispositivo: https://g3-app.e-kakashi.com/setting/devices/R189001
2024-08-11 15:55:14,341 - INFO - Dados do dispositivo R189001 atualizados com sucesso.
2024-08-11 15:55:14,342 - INFO - 2/40 Acessando detalhes do dispositivo: https://g3-app.e-kakashi.com/setting/devices/R189010
2024-08-11 15:55:31,488 - INFO - Dados do dispositivo R189010 atualizados com sucesso.
2024-08-11 15:55:31,489 - INFO - 3/40 Acessando detalhes do dispositivo: https://g3-app.e-kakashi.com/setting/devices/R189008
2024-08-11 15:55:48,706 - INFO - Dados do dispositivo R189008 atualizados com sucesso.
2024-08-11 15:55:48,706 - INFO - 4/40 Acessando detalhes do dispositivo: https://g3-app.e-kakashi.com/setting/devices/R189031
2024-08-11 15:56:05,898 - INFO - Dados do dispositivo R189031 atualizados com sucesso.
2024-08-11 15:56:05,899 - INFO - 5/40 Acessando detalhes do dispositivo: https://g3-app.e-kakashi.com/setting/devices/R189000
2024-08-11 15:56:23,107 - INFO - Dados do dispositivo R189000 atualizados com sucesso.
2024-08-11 15:56:23,108 - INFO - 6/40 Acessando detalhes do dispositivo: https://g3-app.e-kakashi.com/setting/devices/R189011
2024-08-11 15:56:40,381 - INFO - Dados do dispositivo R189011 atualizados com sucesso.
2024-08-11 15:56:40,381 - INFO - 7/40 Acessando detalhes do dispositivo: https://g3-app.e-kakashi.com/setting/devices/R189006
2024-08-11 15:56:57,664 - INFO - Dados do dispositivo R189006 atualizados com sucesso.
2024-08-11 15:56:57,665 - INFO - 8/40 Acessando detalhes do dispositivo: https://g3-app.e-kakashi.com/setting/devices/R189007
2024-08-11 15:57:14,900 - INFO - Dados do dispositivo R189007 atualizados com sucesso.
2024-08-11 15:57:14,901 - INFO - 9/40 Acessando detalhes do dispositivo: https://g3-app.e-kakashi.com/setting/devices/R189009
2024-08-11 15:57:32,092 - INFO - Dados do dispositivo R189009 atualizados com sucesso.
2024-08-11 15:57:32,093 - INFO - 10/40 Acessando detalhes do dispositivo: https://g3-app.e-kakashi.com/setting/devices/R189003
2024-08-11 15:57:49,800 - INFO - Dados do dispositivo R189003 atualizados com sucesso.
2024-08-11 15:57:49,801 - INFO - 11/40 Acessando detalhes do dispositivo: https://g3-app.e-kakashi.com/setting/devices/R189005
2024-08-11 15:58:06,924 - INFO - Dados do dispositivo R189005 atualizados com sucesso.
2024-08-11 15:58:06,925 - INFO - 12/40 Acessando detalhes do dispositivo: https://g3-app.e-kakashi.com/setting/devices/R189002
2024-08-11 15:58:24,807 - INFO - Dados do dispositivo R189002 atualizados com sucesso.
2024-08-11 15:58:24,808 - INFO - 13/40 Acessando detalhes do dispositivo: https://g3-app.e-kakashi.com/setting/devices/R189004
2024-08-11 15:58:42,021 - INFO - Dados do dispositivo R189004 atualizados com sucesso.
2024-08-11 15:58:42,021 - INFO - 14/40 Acessando detalhes do dispositivo: https://g3-app.e-kakashi.com/setting/devices/R189032
2024-08-11 15:58:59,273 - INFO - Dados do dispositivo R189032 atualizados com sucesso.
2024-08-11 15:58:59,275 - INFO - 15/40 Acessando detalhes do dispositivo: https://g3-app.e-kakashi.com/setting/devices/R189014
2024-08-11 15:59:16,531 - INFO - Dados do dispositivo R189014 atualizados com sucesso.
2024-08-11 15:59:16,532 - INFO - 16/40 Acessando detalhes do dispositivo: https://g3-app.e-kakashi.com/setting/devices/R189033
2024-08-11 15:59:33,795 - INFO - Dados do dispositivo R189033 atualizados com sucesso.
2024-08-11 15:59:33,795 - INFO - 17/40 Acessando detalhes do dispositivo: https://g3-app.e-kakashi.com/setting/devices/R189015
2024-08-11 15:59:51,674 - INFO - Dados do dispositivo R189015 atualizados com sucesso.
2024-08-11 15:59:51,675 - INFO - 18/40 Acessando detalhes do dispositivo: https://g3-app.e-kakashi.com/setting/devices/R189034
2024-08-11 16:00:08,924 - INFO - Dados do dispositivo R189034 atualizados com sucesso.
2024-08-11 16:00:08,926 - INFO - 19/40 Acessando detalhes do dispositivo: https://g3-app.e-kakashi.com/setting/devices/R189016
2024-08-11 16:00:26,194 - INFO - Dados do dispositivo R189016 atualizados com sucesso.
2024-08-11 16:00:26,196 - INFO - 20/40 Acessando detalhes do dispositivo: https://g3-app.e-kakashi.com/setting/devices/R189017
2024-08-11 16:00:43,472 - INFO - Dados do dispositivo R189017 atualizados com sucesso.
2024-08-11 16:00:43,473 - INFO - 21/40 Acessando detalhes do dispositivo: https://g3-app.e-kakashi.com/setting/devices/R189018
2024-08-11 16:01:00,673 - INFO - Dados do dispositivo R189018 atualizados com sucesso.
2024-08-11 16:01:00,674 - INFO - 22/40 Acessando detalhes do dispositivo: https://g3-app.e-kakashi.com/setting/devices/R189035
2024-08-11 16:01:18,428 - INFO - Dados do dispositivo R189035 atualizados com sucesso.
2024-08-11 16:01:18,429 - INFO - 23/40 Acessando detalhes do dispositivo: https://g3-app.e-kakashi.com/setting/devices/R189019
2024-08-11 16:01:35,623 - INFO - Dados do dispositivo R189019 atualizados com sucesso.
2024-08-11 16:01:35,624 - INFO - 24/40 Acessando detalhes do dispositivo: https://g3-app.e-kakashi.com/setting/devices/R189020
2024-08-11 16:01:52,926 - INFO - Dados do dispositivo R189020 atualizados com sucesso.
2024-08-11 16:01:52,927 - INFO - 25/40 Acessando detalhes do dispositivo: https://g3-app.e-kakashi.com/setting/devices/R189021
2024-08-11 16:02:10,139 - INFO - Dados do dispositivo R189021 atualizados com sucesso.
2024-08-11 16:02:10,140 - INFO - 26/40 Acessando detalhes do dispositivo: https://g3-app.e-kakashi.com/setting/devices/R189022
2024-08-11 16:02:27,424 - INFO - Dados do dispositivo R189022 atualizados com sucesso.
2024-08-11 16:02:27,425 - INFO - 27/40 Acessando detalhes do dispositivo: https://g3-app.e-kakashi.com/setting/devices/R189023
2024-08-11 16:02:45,281 - INFO - Dados do dispositivo R189023 atualizados com sucesso.
2024-08-11 16:02:45,282 - INFO - 28/40 Acessando detalhes do dispositivo: https://g3-app.e-kakashi.com/setting/devices/R189024
2024-08-11 16:03:02,499 - INFO - Dados do dispositivo R189024 atualizados com sucesso.
2024-08-11 16:03:02,501 - INFO - 29/40 Acessando detalhes do dispositivo: https://g3-app.e-kakashi.com/setting/devices/R189025
2024-08-11 16:03:19,763 - INFO - Dados do dispositivo R189025 atualizados com sucesso.
2024-08-11 16:03:19,765 - INFO - 30/40 Acessando detalhes do dispositivo: https://g3-app.e-kakashi.com/setting/devices/R189012
2024-08-11 16:03:36,946 - INFO - Dados do dispositivo R189012 atualizados com sucesso.
2024-08-11 16:03:36,947 - INFO - 31/40 Acessando detalhes do dispositivo: https://g3-app.e-kakashi.com/setting/devices/R189036
2024-08-11 16:03:54,239 - INFO - Dados do dispositivo R189036 atualizados com sucesso.
2024-08-11 16:03:54,240 - INFO - 32/40 Acessando detalhes do dispositivo: https://g3-app.e-kakashi.com/setting/devices/R189037
2024-08-11 16:04:11,525 - INFO - Dados do dispositivo R189037 atualizados com sucesso.
2024-08-11 16:04:11,526 - INFO - 33/40 Acessando detalhes do dispositivo: https://g3-app.e-kakashi.com/setting/devices/R189013
2024-08-11 16:04:28,841 - INFO - Dados do dispositivo R189013 atualizados com sucesso.
2024-08-11 16:04:28,842 - INFO - 34/40 Acessando detalhes do dispositivo: https://g3-app.e-kakashi.com/setting/devices/R189030
2024-08-11 16:04:46,011 - INFO - Dados do dispositivo R189030 atualizados com sucesso.
2024-08-11 16:04:46,012 - INFO - 35/40 Acessando detalhes do dispositivo: https://g3-app.e-kakashi.com/setting/devices/R189026
2024-08-11 16:05:03,275 - INFO - Dados do dispositivo R189026 atualizados com sucesso.
2024-08-11 16:05:03,277 - INFO - 36/40 Acessando detalhes do dispositivo: https://g3-app.e-kakashi.com/setting/devices/R189027
2024-08-11 16:05:20,512 - INFO - Dados do dispositivo R189027 atualizados com sucesso.
2024-08-11 16:05:20,513 - INFO - 37/40 Acessando detalhes do dispositivo: https://g3-app.e-kakashi.com/setting/devices/R189028
2024-08-11 16:05:37,748 - INFO - Dados do dispositivo R189028 atualizados com sucesso.
2024-08-11 16:05:37,749 - INFO - 38/40 Acessando detalhes do dispositivo: https://g3-app.e-kakashi.com/setting/devices/R189029
2024-08-11 16:05:54,913 - INFO - Dados do dispositivo R189029 atualizados com sucesso.
2024-08-11 16:05:54,913 - INFO - 39/40 Acessando detalhes do dispositivo: https://g3-app.e-kakashi.com/setting/devices/R189038
2024-08-11 16:06:12,175 - INFO - Dados do dispositivo R189038 atualizados com sucesso.
2024-08-11 16:06:12,176 - INFO - 40/40 Acessando detalhes do dispositivo: https://g3-app.e-kakashi.com/setting/devices/R189039
2024-08-11 16:06:29,490 - INFO - Dados do dispositivo R189039 atualizados com sucesso.
2024-08-11 16:06:29,497 - INFO - Tabela de Detalhes dos Dispositivos:
+-----------+-------------+---------------------+---------------------+---------------------------+-----------------+------------------------------------------------------+
| Device ID | Device Name |       Latitude      |      Longitude      | Last measurement datetime | Received status |                         Href                         |
+-----------+-------------+---------------------+---------------------+---------------------------+-----------------+------------------------------------------------------+
|  R189001  |  TG2011001A | -28.435056016666667 | -54.006178166666665 |    2023/10/01 20:00:00    |      Error      | https://g3-app.e-kakashi.com/setting/devices/R189001 |
|  R189010  |  TG2011002A | -27.699545150000002 | -53.561122999999995 |    2023/10/13 17:00:00    |      Error      | https://g3-app.e-kakashi.com/setting/devices/R189010 |
|  R189008  |  TG2011003A | -29.898225333333336 | -53.539185100000005 |    2024/03/30 20:00:00    |      Error      | https://g3-app.e-kakashi.com/setting/devices/R189008 |
|  R189031  |  TG2011005A |  4.868941333333334  |     -74.8148426     |    2021/11/19 07:00:00    |      Error      | https://g3-app.e-kakashi.com/setting/devices/R189031 |
|  R189000  |  TG2011006A |  -28.43803091666667 |  -54.00448728333334 |    2024/05/26 16:00:00    |      Error      | https://g3-app.e-kakashi.com/setting/devices/R189000 |
|  R189011  |  TG2011008A | -29.723778466666666 |  -53.71375351666667 |    2024/08/11 15:00:00    |        OK       | https://g3-app.e-kakashi.com/setting/devices/R189011 |
|  R189006  |  TG2011009A |  4.891605533333333  |  -74.78794556666666 |    2022/07/07 11:00:00    |      Error      | https://g3-app.e-kakashi.com/setting/devices/R189006 |
|  R189007  |  TG2011030A | -28.597885416666667 |  -53.08696440000001 |    2023/04/04 20:00:00    |      Error      | https://g3-app.e-kakashi.com/setting/devices/R189007 |
|  R189009  |  TG2011031A | -27.714104933333335 | -53.529423316666666 |    2024/04/30 11:00:00    |      Error      | https://g3-app.e-kakashi.com/setting/devices/R189009 |
|  R189003  |  TG2011034A |         0.0         |         0.0         |            None           |      Error      | https://g3-app.e-kakashi.com/setting/devices/R189003 |
|  R189005  |  TG21900011 | -29.825154283333337 | -53.647092766666674 |    2023/05/17 11:10:00    |      Error      | https://g3-app.e-kakashi.com/setting/devices/R189005 |
|  R189002  |  TG21900012 | -30.591697950000004 | -54.509590566666674 |    2024/05/22 19:00:00    |      Error      | https://g3-app.e-kakashi.com/setting/devices/R189002 |
|  R189004  |  TG21900013 | -29.818514583333332 | -53.630808949999995 |    2023/08/29 20:00:00    |      Error      | https://g3-app.e-kakashi.com/setting/devices/R189004 |
|  R189032  |  TG21900015 | -28.275537633333336 | -55.432404966666674 |    2024/07/14 23:50:00    |      Error      | https://g3-app.e-kakashi.com/setting/devices/R189032 |
|  R189014  |  TG21900016 | -28.057850666666663 |  -53.66542381666667 |    2024/08/11 15:00:00    |        OK       | https://g3-app.e-kakashi.com/setting/devices/R189014 |
|  R189033  |  TG21900017 | -28.241672450000003 |  -55.22651841666667 |    2024/08/11 15:00:00    |        OK       | https://g3-app.e-kakashi.com/setting/devices/R189033 |
|  R189015  |  TG21900018 | -28.877790233333332 |  -54.38763036666666 |    2024/06/26 07:00:00    |      Error      | https://g3-app.e-kakashi.com/setting/devices/R189015 |
|  R189034  |  TG21900019 | -27.951090750000002 | -54.313289266666665 |    2024/08/11 15:00:00    |        OK       | https://g3-app.e-kakashi.com/setting/devices/R189034 |
|  R189016  |  TG21900020 |  -28.70685761666667 |  -54.94967171666667 |    2024/08/11 15:00:00    |        OK       | https://g3-app.e-kakashi.com/setting/devices/R189016 |
|  R189017  |  TG21900021 |     -28.12114515    |  -53.68607995000001 |    2024/08/11 12:00:00    |      Error      | https://g3-app.e-kakashi.com/setting/devices/R189017 |
|  R189018  |  TG21900022 | -28.159053866666667 |  -55.07140931666666 |    2024/06/11 18:26:22    |      Error      | https://g3-app.e-kakashi.com/setting/devices/R189018 |
|  R189035  |  TG21900023 |     -29.9104333     | -53.540573166666675 |    2024/05/23 07:00:00    |      Error      | https://g3-app.e-kakashi.com/setting/devices/R189035 |
|  R189019  |  TG21900024 | -28.622004666666665 |  -55.66324566666667 |    2024/08/11 15:00:00    |        OK       | https://g3-app.e-kakashi.com/setting/devices/R189019 |
|  R189020  |  TG21900025 |  -28.43758703333333 |  -53.55165333333333 |    2024/08/11 15:00:00    |        OK       | https://g3-app.e-kakashi.com/setting/devices/R189020 |
|  R189021  |  TG21900026 |     -27.79761275    |  -53.89170193333333 |    2024/08/11 15:00:00    |        OK       | https://g3-app.e-kakashi.com/setting/devices/R189021 |
|  R189022  |  TG21900027 |  -28.70314823333333 | -54.939853033333335 |    2024/08/11 16:00:00    |        OK       | https://g3-app.e-kakashi.com/setting/devices/R189022 |
|  R189023  |  TG21900028 | -28.029399683333335 |  -53.63949998333332 |    2024/04/05 10:00:00    |      Error      | https://g3-app.e-kakashi.com/setting/devices/R189023 |
|  R189024  |  TG21900029 |  -28.81906548333333 |  -54.37555906666667 |    2024/02/02 08:40:00    |      Error      | https://g3-app.e-kakashi.com/setting/devices/R189024 |
|  R189025  |  TG21900030 |  -28.67738578333334 | -55.584460683333326 |    2024/06/03 18:20:00    |      Error      | https://g3-app.e-kakashi.com/setting/devices/R189025 |
|  R189012  |  TG21900035 |     -33.28340355    | -53.238285049999995 |    2022/04/06 20:00:00    |      Error      | https://g3-app.e-kakashi.com/setting/devices/R189012 |
|  R189036  |  TG21900036 |     -30.1232841     |  -53.79590114999999 |    2024/03/26 15:00:00    |      Error      | https://g3-app.e-kakashi.com/setting/devices/R189036 |
|  R189037  |  TG21900037 |  -29.74864356666667 |  -53.55173856666667 |    2024/04/18 08:00:00    |      Error      | https://g3-app.e-kakashi.com/setting/devices/R189037 |
|  R189013  |  TG21900038 | -29.142356383333336 |     -56.11851125    |    2024/02/01 18:38:40    |      Error      | https://g3-app.e-kakashi.com/setting/devices/R189013 |
|  R189030  |  TG21900039 | -28.272547583333335 | -54.167796716666665 |    2024/08/11 16:00:00    |        OK       | https://g3-app.e-kakashi.com/setting/devices/R189030 |
|  R189026  |  TG21900046 | -28.535889366666666 |  -53.54893306666666 |    2024/08/11 16:00:00    |        OK       | https://g3-app.e-kakashi.com/setting/devices/R189026 |
|  R189027  |  TG21900047 |  -28.52777793333333 | -54.035620550000004 |    2024/08/08 13:20:00    |      Error      | https://g3-app.e-kakashi.com/setting/devices/R189027 |
|  R189028  |  TG21900048 |      -2.1195924     |     -79.48814485    |    2023/04/09 13:00:00    |      Error      | https://g3-app.e-kakashi.com/setting/devices/R189028 |
|  R189029  |  TG21900050 | -2.1164295999999996 |  -79.49284196666667 |    2024/02/03 20:00:00    |      Error      | https://g3-app.e-kakashi.com/setting/devices/R189029 |
|  R189038  |  TG22800017 |  -29.52519653333333 |  -55.44063331666666 |    2024/05/29 20:00:00    |      Error      | https://g3-app.e-kakashi.com/setting/devices/R189038 |
|  R189039  |  TG22800018 |         0.0         |         0.0         |    2023/07/20 00:02:42    |      Error      | https://g3-app.e-kakashi.com/setting/devices/R189039 |
+-----------+-------------+---------------------+---------------------+---------------------------+-----------------+------------------------------------------------------+
2024-08-11 16:06:29,505 - INFO - Número de linhas em matriz_detalhes com 'OK': 11/40
2024-08-11 16:06:29,743 - INFO - 1/11 Baixando CSV para o dispositivo R189011 (TG2011008A)   Dias de consulta: 361
2024-08-11 16:06:29,744 - INFO - Acessando URL CSV: https://g3-app.e-kakashi.com/setting/devices/R189011/csv
2024-08-11 16:06:32,485 - INFO - Preenchendo o campo de dias com 361 dias.
2024-08-11 16:06:32,567 - INFO - Clicando no botão CSV Export.
2024-08-11 16:06:32,636 - INFO - Esperando o download do arquivo CSV.
2024-08-11 16:06:42,638 - INFO - Aguardando 10/900 segundos pelo arquivo CSV.
2024-08-11 16:06:52,639 - INFO - Arquivo CSV baixado com sucesso em: bot_csv_2024_08_11_15_54_14\TG2011008A_TG2011008A.csv
2024-08-11 16:06:52,928 - INFO - 2/11 Baixando CSV para o dispositivo R189014 (TG21900016)   Dias de consulta: 361
2024-08-11 16:06:52,928 - INFO - Acessando URL CSV: https://g3-app.e-kakashi.com/setting/devices/R189014/csv
2024-08-11 16:06:55,777 - INFO - Preenchendo o campo de dias com 361 dias.
2024-08-11 16:06:55,845 - INFO - Clicando no botão CSV Export.
2024-08-11 16:06:55,900 - INFO - Esperando o download do arquivo CSV.
2024-08-11 16:07:05,901 - INFO - Aguardando 10/900 segundos pelo arquivo CSV.
2024-08-11 16:07:15,902 - INFO - Aguardando 20/900 segundos pelo arquivo CSV.
2024-08-11 16:07:25,903 - INFO - Aguardando 30/900 segundos pelo arquivo CSV.
2024-08-11 16:07:35,905 - INFO - Aguardando 40/900 segundos pelo arquivo CSV.
2024-08-11 16:07:45,906 - INFO - Aguardando 50/900 segundos pelo arquivo CSV.
2024-08-11 16:07:55,908 - INFO - Aguardando 60/900 segundos pelo arquivo CSV.
2024-08-11 16:08:05,909 - INFO - Aguardando 70/900 segundos pelo arquivo CSV.
2024-08-11 16:08:15,911 - INFO - Aguardando 80/900 segundos pelo arquivo CSV.
2024-08-11 16:08:25,914 - INFO - Aguardando 90/900 segundos pelo arquivo CSV.
2024-08-11 16:08:35,915 - INFO - Aguardando 100/900 segundos pelo arquivo CSV.
2024-08-11 16:08:46,425 - INFO - Arquivo CSV baixado com sucesso em: bot_csv_2024_08_11_15_54_14\TG21900016_TG21900016.csv
2024-08-11 16:08:46,849 - INFO - 3/11 Baixando CSV para o dispositivo R189033 (TG21900017)   Dias de consulta: 361
2024-08-11 16:08:46,850 - INFO - Acessando URL CSV: https://g3-app.e-kakashi.com/setting/devices/R189033/csv
2024-08-11 16:08:49,654 - INFO - Preenchendo o campo de dias com 361 dias.
2024-08-11 16:08:49,737 - INFO - Clicando no botão CSV Export.
2024-08-11 16:08:49,804 - INFO - Esperando o download do arquivo CSV.
2024-08-11 16:08:59,807 - INFO - Aguardando 10/900 segundos pelo arquivo CSV.
2024-08-11 16:09:09,808 - INFO - Aguardando 20/900 segundos pelo arquivo CSV.
2024-08-11 16:09:19,809 - INFO - Aguardando 30/900 segundos pelo arquivo CSV.
2024-08-11 16:09:29,811 - INFO - Aguardando 40/900 segundos pelo arquivo CSV.
2024-08-11 16:09:39,812 - INFO - Aguardando 50/900 segundos pelo arquivo CSV.
2024-08-11 16:09:49,814 - INFO - Aguardando 60/900 segundos pelo arquivo CSV.
2024-08-11 16:09:59,820 - INFO - Aguardando 70/900 segundos pelo arquivo CSV.
2024-08-11 16:10:09,824 - INFO - Aguardando 80/900 segundos pelo arquivo CSV.
2024-08-11 16:10:19,826 - INFO - Aguardando 90/900 segundos pelo arquivo CSV.
2024-08-11 16:10:29,827 - INFO - Aguardando 100/900 segundos pelo arquivo CSV.
2024-08-11 16:10:39,828 - INFO - Arquivo CSV baixado com sucesso em: bot_csv_2024_08_11_15_54_14\TG21900017_TG21900017.csv
2024-08-11 16:10:40,103 - INFO - 4/11 Baixando CSV para o dispositivo R189034 (TG21900019)   Dias de consulta: 361
2024-08-11 16:10:40,104 - INFO - Acessando URL CSV: https://g3-app.e-kakashi.com/setting/devices/R189034/csv
2024-08-11 16:10:42,954 - INFO - Preenchendo o campo de dias com 361 dias.
2024-08-11 16:10:43,056 - INFO - Clicando no botão CSV Export.
2024-08-11 16:10:43,132 - INFO - Esperando o download do arquivo CSV.
2024-08-11 16:10:53,134 - INFO - Aguardando 10/900 segundos pelo arquivo CSV.
2024-08-11 16:11:03,136 - INFO - Aguardando 20/900 segundos pelo arquivo CSV.
2024-08-11 16:11:13,138 - INFO - Aguardando 30/900 segundos pelo arquivo CSV.
2024-08-11 16:11:23,140 - INFO - Aguardando 40/900 segundos pelo arquivo CSV.
2024-08-11 16:11:33,142 - INFO - Aguardando 50/900 segundos pelo arquivo CSV.
2024-08-11 16:11:43,145 - INFO - Aguardando 60/900 segundos pelo arquivo CSV.
2024-08-11 16:11:53,147 - INFO - Aguardando 70/900 segundos pelo arquivo CSV.
2024-08-11 16:12:03,148 - INFO - Aguardando 80/900 segundos pelo arquivo CSV.
2024-08-11 16:12:13,150 - INFO - Aguardando 90/900 segundos pelo arquivo CSV.
2024-08-11 16:12:23,634 - INFO - Arquivo CSV baixado com sucesso em: bot_csv_2024_08_11_15_54_14\TG21900019_TG21900019.csv
2024-08-11 16:12:23,881 - INFO - 5/11 Baixando CSV para o dispositivo R189016 (TG21900020)   Dias de consulta: 361
2024-08-11 16:12:23,882 - INFO - Acessando URL CSV: https://g3-app.e-kakashi.com/setting/devices/R189016/csv
2024-08-11 16:12:26,711 - INFO - Preenchendo o campo de dias com 361 dias.
2024-08-11 16:12:26,816 - INFO - Clicando no botão CSV Export.
2024-08-11 16:12:26,900 - INFO - Esperando o download do arquivo CSV.
2024-08-11 16:12:36,902 - INFO - Aguardando 10/900 segundos pelo arquivo CSV.
2024-08-11 16:12:46,903 - INFO - Aguardando 20/900 segundos pelo arquivo CSV.
2024-08-11 16:12:56,904 - INFO - Arquivo CSV baixado com sucesso em: bot_csv_2024_08_11_15_54_14\TG21900020_TG21900020.csv
2024-08-11 16:12:57,205 - INFO - 6/11 Baixando CSV para o dispositivo R189019 (TG21900024)   Dias de consulta: 361
2024-08-11 16:12:57,206 - INFO - Acessando URL CSV: https://g3-app.e-kakashi.com/setting/devices/R189019/csv
2024-08-11 16:13:00,002 - INFO - Preenchendo o campo de dias com 361 dias.
2024-08-11 16:13:00,094 - INFO - Clicando no botão CSV Export.
2024-08-11 16:13:00,147 - INFO - Esperando o download do arquivo CSV.
2024-08-11 16:13:10,149 - INFO - Aguardando 10/900 segundos pelo arquivo CSV.
2024-08-11 16:13:20,150 - INFO - Aguardando 20/900 segundos pelo arquivo CSV.
2024-08-11 16:13:30,151 - INFO - Aguardando 30/900 segundos pelo arquivo CSV.
2024-08-11 16:13:40,152 - INFO - Aguardando 40/900 segundos pelo arquivo CSV.
2024-08-11 16:13:50,153 - INFO - Aguardando 50/900 segundos pelo arquivo CSV.
2024-08-11 16:14:00,154 - INFO - Aguardando 60/900 segundos pelo arquivo CSV.
2024-08-11 16:14:10,155 - INFO - Aguardando 70/900 segundos pelo arquivo CSV.
2024-08-11 16:14:20,156 - INFO - Aguardando 80/900 segundos pelo arquivo CSV.
2024-08-11 16:14:30,158 - INFO - Aguardando 90/900 segundos pelo arquivo CSV.
2024-08-11 16:14:40,159 - INFO - Arquivo CSV baixado com sucesso em: bot_csv_2024_08_11_15_54_14\TG21900024_TG21900024.csv
2024-08-11 16:14:40,458 - INFO - 7/11 Baixando CSV para o dispositivo R189020 (TG21900025)   Dias de consulta: 361
2024-08-11 16:14:40,459 - INFO - Acessando URL CSV: https://g3-app.e-kakashi.com/setting/devices/R189020/csv
2024-08-11 16:14:43,404 - INFO - Preenchendo o campo de dias com 361 dias.
2024-08-11 16:14:43,492 - INFO - Clicando no botão CSV Export.
2024-08-11 16:14:43,568 - INFO - Esperando o download do arquivo CSV.
2024-08-11 16:14:53,569 - INFO - Aguardando 10/900 segundos pelo arquivo CSV.
2024-08-11 16:15:03,571 - INFO - Aguardando 20/900 segundos pelo arquivo CSV.
2024-08-11 16:15:13,572 - INFO - Aguardando 30/900 segundos pelo arquivo CSV.
2024-08-11 16:15:23,574 - INFO - Aguardando 40/900 segundos pelo arquivo CSV.
2024-08-11 16:15:33,575 - INFO - Aguardando 50/900 segundos pelo arquivo CSV.
2024-08-11 16:15:43,577 - INFO - Aguardando 60/900 segundos pelo arquivo CSV.
2024-08-11 16:15:53,579 - INFO - Aguardando 70/900 segundos pelo arquivo CSV.
2024-08-11 16:16:03,580 - INFO - Aguardando 80/900 segundos pelo arquivo CSV.
2024-08-11 16:16:13,581 - INFO - Aguardando 90/900 segundos pelo arquivo CSV.
2024-08-11 16:16:23,582 - INFO - Aguardando 100/900 segundos pelo arquivo CSV.
2024-08-11 16:16:33,585 - INFO - Arquivo CSV baixado com sucesso em: bot_csv_2024_08_11_15_54_14\TG21900025_TG21900025.csv
2024-08-11 16:16:33,920 - INFO - 8/11 Baixando CSV para o dispositivo R189021 (TG21900026)   Dias de consulta: 361
2024-08-11 16:16:33,921 - INFO - Acessando URL CSV: https://g3-app.e-kakashi.com/setting/devices/R189021/csv
2024-08-11 16:16:36,794 - INFO - Preenchendo o campo de dias com 361 dias.
2024-08-11 16:16:36,897 - INFO - Clicando no botão CSV Export.
2024-08-11 16:16:36,966 - INFO - Esperando o download do arquivo CSV.
2024-08-11 16:16:46,967 - INFO - Aguardando 10/900 segundos pelo arquivo CSV.
2024-08-11 16:16:56,969 - INFO - Aguardando 20/900 segundos pelo arquivo CSV.
2024-08-11 16:17:06,971 - INFO - Aguardando 30/900 segundos pelo arquivo CSV.
2024-08-11 16:17:16,972 - INFO - Aguardando 40/900 segundos pelo arquivo CSV.
2024-08-11 16:17:26,976 - INFO - Aguardando 50/900 segundos pelo arquivo CSV.
2024-08-11 16:17:36,978 - INFO - Aguardando 60/900 segundos pelo arquivo CSV.
2024-08-11 16:17:46,979 - INFO - Aguardando 70/900 segundos pelo arquivo CSV.
2024-08-11 16:17:56,981 - INFO - Aguardando 80/900 segundos pelo arquivo CSV.
2024-08-11 16:18:06,983 - INFO - Aguardando 90/900 segundos pelo arquivo CSV.
2024-08-11 16:18:16,984 - INFO - Aguardando 100/900 segundos pelo arquivo CSV.
2024-08-11 16:18:26,986 - INFO - Arquivo CSV baixado com sucesso em: bot_csv_2024_08_11_15_54_14\TG21900026_TG21900026.csv
2024-08-11 16:18:27,266 - INFO - 9/11 Baixando CSV para o dispositivo R189022 (TG21900027)   Dias de consulta: 361
2024-08-11 16:18:27,267 - INFO - Acessando URL CSV: https://g3-app.e-kakashi.com/setting/devices/R189022/csv
2024-08-11 16:18:30,046 - INFO - Preenchendo o campo de dias com 361 dias.
2024-08-11 16:18:30,114 - INFO - Clicando no botão CSV Export.
2024-08-11 16:18:30,171 - INFO - Esperando o download do arquivo CSV.
2024-08-11 16:18:40,172 - INFO - Aguardando 10/900 segundos pelo arquivo CSV.
2024-08-11 16:18:50,173 - INFO - Aguardando 20/900 segundos pelo arquivo CSV.
2024-08-11 16:19:00,175 - INFO - Aguardando 30/900 segundos pelo arquivo CSV.
2024-08-11 16:19:10,176 - INFO - Aguardando 40/900 segundos pelo arquivo CSV.
2024-08-11 16:19:20,178 - INFO - Aguardando 50/900 segundos pelo arquivo CSV.
2024-08-11 16:19:30,180 - INFO - Aguardando 60/900 segundos pelo arquivo CSV.
2024-08-11 16:19:40,181 - INFO - Aguardando 70/900 segundos pelo arquivo CSV.
2024-08-11 16:19:50,182 - INFO - Aguardando 80/900 segundos pelo arquivo CSV.
2024-08-11 16:20:00,183 - INFO - Aguardando 90/900 segundos pelo arquivo CSV.
2024-08-11 16:20:10,186 - INFO - Aguardando 100/900 segundos pelo arquivo CSV.
2024-08-11 16:20:20,187 - INFO - Arquivo CSV baixado com sucesso em: bot_csv_2024_08_11_15_54_14\TG21900027_TG21900027.csv
2024-08-11 16:20:20,452 - INFO - 10/11 Baixando CSV para o dispositivo R189030 (TG21900039)   Dias de consulta: 361
2024-08-11 16:20:20,452 - INFO - Acessando URL CSV: https://g3-app.e-kakashi.com/setting/devices/R189030/csv
2024-08-11 16:20:23,249 - INFO - Preenchendo o campo de dias com 361 dias.
2024-08-11 16:20:23,341 - INFO - Clicando no botão CSV Export.
2024-08-11 16:20:23,410 - INFO - Esperando o download do arquivo CSV.
2024-08-11 16:20:33,413 - INFO - Aguardando 10/900 segundos pelo arquivo CSV.
2024-08-11 16:20:43,414 - INFO - Aguardando 20/900 segundos pelo arquivo CSV.
2024-08-11 16:20:53,415 - INFO - Aguardando 30/900 segundos pelo arquivo CSV.
2024-08-11 16:21:03,416 - INFO - Aguardando 40/900 segundos pelo arquivo CSV.
2024-08-11 16:21:13,418 - INFO - Aguardando 50/900 segundos pelo arquivo CSV.
2024-08-11 16:21:23,422 - INFO - Aguardando 60/900 segundos pelo arquivo CSV.
2024-08-11 16:21:33,423 - INFO - Aguardando 70/900 segundos pelo arquivo CSV.
2024-08-11 16:21:43,424 - INFO - Aguardando 80/900 segundos pelo arquivo CSV.
2024-08-11 16:21:53,426 - INFO - Aguardando 90/900 segundos pelo arquivo CSV.
2024-08-11 16:22:03,429 - INFO - Aguardando 100/900 segundos pelo arquivo CSV.
2024-08-11 16:22:13,431 - INFO - Arquivo CSV baixado com sucesso em: bot_csv_2024_08_11_15_54_14\TG21900039_TG21900039.csv
2024-08-11 16:22:13,713 - INFO - 11/11 Baixando CSV para o dispositivo R189026 (TG21900046)   Dias de consulta: 361
2024-08-11 16:22:13,713 - INFO - Acessando URL CSV: https://g3-app.e-kakashi.com/setting/devices/R189026/csv
2024-08-11 16:22:15,998 - INFO - Preenchendo o campo de dias com 361 dias.
2024-08-11 16:22:16,099 - INFO - Clicando no botão CSV Export.
2024-08-11 16:22:16,188 - INFO - Esperando o download do arquivo CSV.
2024-08-11 16:22:26,189 - INFO - Aguardando 10/900 segundos pelo arquivo CSV.
2024-08-11 16:22:36,191 - INFO - Aguardando 20/900 segundos pelo arquivo CSV.
2024-08-11 16:22:46,192 - INFO - Aguardando 30/900 segundos pelo arquivo CSV.
2024-08-11 16:22:56,193 - INFO - Aguardando 40/900 segundos pelo arquivo CSV.
2024-08-11 16:23:06,194 - INFO - Aguardando 50/900 segundos pelo arquivo CSV.
2024-08-11 16:23:16,195 - INFO - Aguardando 60/900 segundos pelo arquivo CSV.
2024-08-11 16:23:26,197 - INFO - Aguardando 70/900 segundos pelo arquivo CSV.
2024-08-11 16:23:36,198 - INFO - Aguardando 80/900 segundos pelo arquivo CSV.
2024-08-11 16:23:46,200 - INFO - Aguardando 90/900 segundos pelo arquivo CSV.
2024-08-11 16:23:56,201 - INFO - Aguardando 100/900 segundos pelo arquivo CSV.
2024-08-11 16:24:06,202 - INFO - Arquivo CSV baixado com sucesso em: bot_csv_2024_08_11_15_54_14\TG21900046_TG21900046.csv
2024-08-11 16:24:06,205 - INFO - Tabela de Downloads:
+-----------+-------------+----------+----------------------------+-------------------------------------------------------+
| Device_ID | Device_Name | Download | Tamanho do Arquivo (bytes) |                    Local do Arquivo                   |
+-----------+-------------+----------+----------------------------+-------------------------------------------------------+
|  R189011  |  TG2011008A |   sim    |           215905           | bot_csv_2024_08_11_15_54_14\TG2011008A_TG2011008A.csv |
|  R189014  |  TG21900016 |   sim    |          1137702           | bot_csv_2024_08_11_15_54_14\TG21900016_TG21900016.csv |
|  R189033  |  TG21900017 |   sim    |          1509570           | bot_csv_2024_08_11_15_54_14\TG21900017_TG21900017.csv |
|  R189034  |  TG21900019 |   sim    |          1292892           | bot_csv_2024_08_11_15_54_14\TG21900019_TG21900019.csv |
|  R189016  |  TG21900020 |   sim    |          1035496           | bot_csv_2024_08_11_15_54_14\TG21900020_TG21900020.csv |
|  R189019  |  TG21900024 |   sim    |          1353389           | bot_csv_2024_08_11_15_54_14\TG21900024_TG21900024.csv |
|  R189020  |  TG21900025 |   sim    |          1457882           | bot_csv_2024_08_11_15_54_14\TG21900025_TG21900025.csv |
|  R189021  |  TG21900026 |   sim    |          1575965           | bot_csv_2024_08_11_15_54_14\TG21900026_TG21900026.csv |
|  R189022  |  TG21900027 |   sim    |          1642264           | bot_csv_2024_08_11_15_54_14\TG21900027_TG21900027.csv |
|  R189030  |  TG21900039 |   sim    |          1753636           | bot_csv_2024_08_11_15_54_14\TG21900039_TG21900039.csv |
|  R189026  |  TG21900046 |   sim    |          1522717           | bot_csv_2024_08_11_15_54_14\TG21900046_TG21900046.csv |
+-----------+-------------+----------+----------------------------+-------------------------------------------------------+
2024-08-11 16:24:06,206 - INFO - Downloads bem-sucedidos: 11/40
2024-08-11 16:24:08,533 - INFO - Todos os arquivos CSV foram copiados para a pasta Bot_csv_Baixados.
2024-08-11 16:24:12,604 - INFO - 

Chamando o script Sensores_02_CSV_Upload.py
2024-08-11 16:24:12,604 - INFO - Script Sensores_02_CSV_Upload.py executado com sucesso.

