2024-09-04 17:27:50,627 - INFO - 
 ********  Iniciando o script Sensores_02_CSV_Upload.py ******

2024-09-04 17:27:50,629 - INFO - Número de arquivos no diretório 'Bot_csv_Baixados': 8
2024-09-04 17:27:51,080 - INFO - 1/8 - Extraindo device_id: R189011 do arquivo: TG2011008A_TG2011008A.csv
2024-09-04 17:27:51,283 - INFO - Conectado ao banco de dados.
2024-09-04 17:28:17,345 - INFO - Lidas:    300 de    463  Gravadas:    300  Já estavam Gravadas:      0
2024-09-04 17:28:27,968 - INFO - Arquivo Bot_csv_Baixados\TG2011008A_TG2011008A.csv processado e commit realizado.
2024-09-04 17:28:28,287 - INFO - 2/8 - Extraindo device_id: R189014 do arquivo: TG21900016_TG21900016.csv
2024-09-04 17:28:28,481 - INFO - Conectado ao banco de dados.
2024-09-04 17:28:51,891 - INFO - Lidas:    300 de    463  Gravadas:    300  Já estavam Gravadas:      0
2024-09-04 17:29:02,684 - INFO - Arquivo Bot_csv_Baixados\TG21900016_TG21900016.csv processado e commit realizado.
2024-09-04 17:29:02,911 - INFO - 3/8 - Extraindo device_id: R189034 do arquivo: TG21900019_TG21900019.csv
2024-09-04 17:29:03,122 - INFO - Conectado ao banco de dados.
2024-09-04 17:29:28,285 - INFO - Lidas:    300 de    627  Gravadas:    300  Já estavam Gravadas:      0
2024-09-04 17:29:51,219 - INFO - Lidas:    600 de    627  Gravadas:    518  Já estavam Gravadas:     82
2024-09-04 17:29:52,472 - INFO - Arquivo Bot_csv_Baixados\TG21900019_TG21900019.csv processado e commit realizado.
2024-09-04 17:29:52,993 - INFO - 4/8 - Extraindo device_id: R189016 do arquivo: TG21900020_TG21900020.csv
2024-09-04 17:29:53,222 - INFO - Conectado ao banco de dados.
2024-09-04 17:30:21,223 - INFO - Lidas:    300 de    463  Gravadas:    300  Já estavam Gravadas:      0
2024-09-04 17:30:34,188 - INFO - Arquivo Bot_csv_Baixados\TG21900020_TG21900020.csv processado e commit realizado.
2024-09-04 17:30:34,446 - INFO - 5/8 - Extraindo device_id: R189020 do arquivo: TG21900025_TG21900025.csv
2024-09-04 17:30:34,642 - INFO - Conectado ao banco de dados.
2024-09-04 17:30:59,158 - INFO - Lidas:    300 de    457  Gravadas:    300  Já estavam Gravadas:      0
2024-09-04 17:31:09,706 - INFO - Arquivo Bot_csv_Baixados\TG21900025_TG21900025.csv processado e commit realizado.
2024-09-04 17:31:09,986 - INFO - 6/8 - Extraindo device_id: R189021 do arquivo: TG21900026_TG21900026.csv
2024-09-04 17:31:10,232 - INFO - Conectado ao banco de dados.
2024-09-04 17:31:40,490 - INFO - Lidas:    300 de    463  Gravadas:    300  Já estavam Gravadas:      0
2024-09-04 17:31:54,485 - INFO - Arquivo Bot_csv_Baixados\TG21900026_TG21900026.csv processado e commit realizado.
2024-09-04 17:31:54,798 - INFO - 7/8 - Extraindo device_id: R189022 do arquivo: TG21900027_TG21900027.csv
2024-09-04 17:31:55,001 - INFO - Conectado ao banco de dados.
2024-09-04 17:32:20,171 - INFO - Lidas:    300 de    463  Gravadas:    300  Já estavam Gravadas:      0
2024-09-04 17:32:31,845 - INFO - Arquivo Bot_csv_Baixados\TG21900027_TG21900027.csv processado e commit realizado.
2024-09-04 17:32:32,165 - INFO - 8/8 - Extraindo device_id: R189030 do arquivo: TG21900039_TG21900039.csv
2024-09-04 17:32:32,398 - INFO - Conectado ao banco de dados.
2024-09-04 17:33:00,913 - INFO - Lidas:    300 de    463  Gravadas:    300  Já estavam Gravadas:      0
2024-09-04 17:33:13,995 - INFO - Arquivo Bot_csv_Baixados\TG21900039_TG21900039.csv processado e commit realizado.
2024-09-04 17:33:14,013 - INFO - Resumo dos Arquivos CSV:
+-------+---------------------------+-----------+-------------+--------------+----------------+----------------------------------------------------------------------------------------------------------------------------------------------------------------------+--------------------------+--------------------------+----------------------------+
| Index |          Arquivo          | Device ID | Device Name | Total Linhas | Total Sensores |                                                                          Sensores com Dados                                                                          |   Data Primeira Linha    |    Data Última Linha     | Tamanho do Arquivo (bytes) |
+-------+---------------------------+-----------+-------------+--------------+----------------+----------------------------------------------------------------------------------------------------------------------------------------------------------------------+--------------------------+--------------------------+----------------------------+
|   1   | TG2011008A_TG2011008A.csv |  R189011  |  TG2011008A |     463      |       8        | Volumetric humidity(S1), temperature(S1), Dew point(S1), Humidity deficit(S1), Relative humidity(S1), Soil Electronic Conductivity(S2), soil vwc(S2), Thermister(S2) | 2024-09-05T05:00:00+0900 | 2024-09-02T00:00:00+0900 |           28365            |
|   2   | TG21900016_TG21900016.csv |  R189014  |  TG21900016 |     463      |       7        |                                                                      Solar radiation (W/m2)(A1)                                                                      | 2024-09-05T05:00:00+0900 | 2024-09-02T00:00:00+0900 |           15859            |
|   3   | TG21900019_TG21900019.csv |  R189034  |  TG21900019 |     627      |       1        |                                                                      Solar radiation (W/m2)(A1)                                                                      | 2024-09-05T05:00:00+0900 | 2024-09-01T00:00:00+0900 |           17783            |
|   4   | TG21900020_TG21900020.csv |  R189016  |  TG21900020 |     463      |       1        |                                                                      Solar radiation (W/m2)(A1)                                                                      | 2024-09-05T05:00:00+0900 | 2024-09-02T00:00:00+0900 |           12901            |
|   5   | TG21900025_TG21900025.csv |  R189020  |  TG21900025 |     457      |       7        |      Soil Electronic Conductivity(S1), Soil Electronic Conductivity(S2), soil vwc(S1), soil vwc(S2), Solar radiation (W/m2)(A1), Thermister(S1), Thermister(S2)      | 2024-09-05T04:00:00+0900 | 2024-09-02T00:00:00+0900 |           20985            |
|   6   | TG21900026_TG21900026.csv |  R189021  |  TG21900026 |     463      |       7        |      Soil Electronic Conductivity(S1), Soil Electronic Conductivity(S2), soil vwc(S1), soil vwc(S2), Solar radiation (W/m2)(A1), Thermister(S1), Thermister(S2)      | 2024-09-05T05:00:00+0900 | 2024-09-02T00:00:00+0900 |           25706            |
|   7   | TG21900027_TG21900027.csv |  R189022  |  TG21900027 |     463      |       7        |      Soil Electronic Conductivity(S1), Soil Electronic Conductivity(S2), soil vwc(S1), soil vwc(S2), Solar radiation (W/m2)(A1), Thermister(S1), Thermister(S2)      | 2024-09-05T05:00:00+0900 | 2024-09-02T00:00:00+0900 |           25435            |
|   8   | TG21900039_TG21900039.csv |  R189030  |  TG21900039 |     463      |       7        |      Soil Electronic Conductivity(S1), Soil Electronic Conductivity(S2), soil vwc(S1), soil vwc(S2), Solar radiation (W/m2)(A1), Thermister(S1), Thermister(S2)      | 2024-09-05T05:00:00+0900 | 2024-09-02T00:00:00+0900 |           25379            |
+-------+---------------------------+-----------+-------------+--------------+----------------+----------------------------------------------------------------------------------------------------------------------------------------------------------------------+--------------------------+--------------------------+----------------------------+
2024-09-04 17:33:15,969 - INFO - Verificação das Primeiras e Últimas Linhas Gravadas:
+-----------+-----------------------------+---------------------------+
| Device ID | Data Primeira Linha Gravada | Data Última Linha Gravada |
+-----------+-----------------------------+---------------------------+
|  R189011  |     2024-07-17 15:10:00     |    2024-09-04 17:00:00    |
|  R189014  |     2024-01-24 16:04:43     |    2024-09-04 17:00:00    |
|  R189034  |     2024-01-24 10:44:30     |    2024-09-04 17:00:00    |
|  R189016  |     2024-01-16 15:30:20     |    2024-09-04 17:00:00    |
|  R189020  |     2024-01-24 19:32:34     |    2024-09-04 16:00:00    |
|  R189021  |     2024-01-24 13:39:05     |    2024-09-04 17:00:00    |
|  R189022  |     2024-01-16 15:06:14     |    2024-09-04 17:00:00    |
|  R189030  |     2023-12-12 10:50:00     |    2024-09-04 17:00:00    |
+-----------+-----------------------------+---------------------------+
2024-09-04 17:33:15,970 - INFO - Resumo do upload dos arquivos CSV:
2024-09-04 17:33:15,971 - INFO - 
device_id  linhas_processadas  linhas_gravadas  linhas_existentes  erros
2024-09-04 17:33:15,972 - INFO -    R189011                  463             396                   67     0
2024-09-04 17:33:15,972 - INFO - Data Primeira Linha Gravada: 2024-07-17 15:10:00
2024-09-04 17:33:15,973 - INFO - Data Última Linha Gravada: 2024-09-04 17:00:00
2024-09-04 17:33:15,973 - INFO - 
device_id  linhas_processadas  linhas_gravadas  linhas_existentes  erros
2024-09-04 17:33:15,974 - INFO -    R189014                  463             414                   49     0
2024-09-04 17:33:15,974 - INFO - Data Primeira Linha Gravada: 2024-01-24 16:04:43
2024-09-04 17:33:15,975 - INFO - Data Última Linha Gravada: 2024-09-04 17:00:00
2024-09-04 17:33:15,975 - INFO - 
device_id  linhas_processadas  linhas_gravadas  linhas_existentes  erros
2024-09-04 17:33:15,976 - INFO -    R189034                  627             518                  109     0
2024-09-04 17:33:15,976 - INFO - Data Primeira Linha Gravada: 2024-01-24 10:44:30
2024-09-04 17:33:15,977 - INFO - Data Última Linha Gravada: 2024-09-04 17:00:00
2024-09-04 17:33:15,977 - INFO - 
device_id  linhas_processadas  linhas_gravadas  linhas_existentes  erros
2024-09-04 17:33:15,978 - INFO -    R189016                  463             414                   49     0
2024-09-04 17:33:15,978 - INFO - Data Primeira Linha Gravada: 2024-01-16 15:30:20
2024-09-04 17:33:15,979 - INFO - Data Última Linha Gravada: 2024-09-04 17:00:00
2024-09-04 17:33:15,979 - INFO - 
device_id  linhas_processadas  linhas_gravadas  linhas_existentes  erros
2024-09-04 17:33:15,980 - INFO -    R189020                  457             408                   49     0
2024-09-04 17:33:15,980 - INFO - Data Primeira Linha Gravada: 2024-01-24 19:32:34
2024-09-04 17:33:15,981 - INFO - Data Última Linha Gravada: 2024-09-04 16:00:00
2024-09-04 17:33:15,981 - INFO - 
device_id  linhas_processadas  linhas_gravadas  linhas_existentes  erros
2024-09-04 17:33:15,982 - INFO -    R189021                  463             414                   49     0
2024-09-04 17:33:15,982 - INFO - Data Primeira Linha Gravada: 2024-01-24 13:39:05
2024-09-04 17:33:15,983 - INFO - Data Última Linha Gravada: 2024-09-04 17:00:00
2024-09-04 17:33:15,983 - INFO - 
device_id  linhas_processadas  linhas_gravadas  linhas_existentes  erros
2024-09-04 17:33:15,984 - INFO -    R189022                  463             414                   49     0
2024-09-04 17:33:15,984 - INFO - Data Primeira Linha Gravada: 2024-01-16 15:06:14
2024-09-04 17:33:15,985 - INFO - Data Última Linha Gravada: 2024-09-04 17:00:00
2024-09-04 17:33:15,985 - INFO - 
device_id  linhas_processadas  linhas_gravadas  linhas_existentes  erros
2024-09-04 17:33:15,986 - INFO -    R189030                  463             414                   49     0
2024-09-04 17:33:15,986 - INFO - Data Primeira Linha Gravada: 2023-12-12 10:50:00
2024-09-04 17:33:15,986 - INFO - Data Última Linha Gravada: 2024-09-04 17:00:00
2024-09-04 17:33:15,987 - INFO - 

Chamando o script Sensores_03_Incluidos_CSV.py
2024-09-04 17:33:27,773 - INFO - Script Sensores_03_Incluidos_CSV.py executado com sucesso.

