2024-09-01 23:26:40,177 - INFO - 
 ********  Iniciando o script Sensores_03_Incluidos_CSV.py ******

2024-09-01 23:26:45,137 - INFO - Resumo dos Arquivos CSV:
+-------+---------------------------+-----------+-------------+------------------------+----------------------+--------------------------+--------------------------+----------------------------+--------+
| Index |          Arquivo          | Device ID | Device Name | Primeira Linha Gravada | Última Linha Gravada |      Primeira Linha      |       Última Linha       | Tamanho do Arquivo (bytes) | Movido |
+-------+---------------------------+-----------+-------------+------------------------+----------------------+--------------------------+--------------------------+----------------------------+--------+
|   1   | TG2011008A_TG2011008A.csv |  R189011  |  TG2011008A |          Sim           |         Sim          | 2024-09-02T11:00:00+0900 | 2024-09-01T00:00:00+0900 |           12959            |  Sim   |
|   2   | TG21900016_TG21900016.csv |  R189014  |  TG21900016 |          Sim           |         Sim          | 2024-09-02T08:00:00+0900 | 2024-09-01T00:00:00+0900 |            6725            |  Sim   |
|   3   | TG21900020_TG21900020.csv |  R189016  |  TG21900020 |          Sim           |         Sim          | 2024-09-02T08:00:00+0900 | 2024-09-01T00:00:00+0900 |            5407            |  Sim   |
|   4   | TG21900025_TG21900025.csv |  R189020  |  TG21900025 |          Sim           |         Sim          | 2024-09-02T08:00:00+0900 | 2024-08-23T00:00:00+0900 |           68107            |  Sim   |
|   5   | TG21900026_TG21900026.csv |  R189021  |  TG21900026 |          Sim           |         Sim          | 2024-09-02T08:00:00+0900 | 2024-09-01T00:00:00+0900 |           10805            |  Sim   |
|   6   | TG21900027_TG21900027.csv |  R189022  |  TG21900027 |          Sim           |         Sim          | 2024-09-02T08:00:00+0900 | 2024-09-01T00:00:00+0900 |           10708            |  Sim   |
|   7   | TG21900039_TG21900039.csv |  R189030  |  TG21900039 |          Sim           |         Sim          | 2024-09-02T08:00:00+0900 | 2024-09-01T00:00:00+0900 |           10727            |  Sim   |
+-------+---------------------------+-----------+-------------+------------------------+----------------------+--------------------------+--------------------------+----------------------------+--------+
2024-09-01 23:26:45,137 - INFO - Resumo dos Arquivos CSV:
+-------+---------------------------+-----------+-------------+------------------------+----------------------+--------------------------+--------------------------+----------------------------+--------+
| Index |          Arquivo          | Device ID | Device Name | Primeira Linha Gravada | Última Linha Gravada |      Primeira Linha      |       Última Linha       | Tamanho do Arquivo (bytes) | Movido |
+-------+---------------------------+-----------+-------------+------------------------+----------------------+--------------------------+--------------------------+----------------------------+--------+
|   1   | TG2011008A_TG2011008A.csv |  R189011  |  TG2011008A |          Sim           |         Sim          | 2024-09-02T11:00:00+0900 | 2024-09-01T00:00:00+0900 |           12959            |  Sim   |
|   2   | TG21900016_TG21900016.csv |  R189014  |  TG21900016 |          Sim           |         Sim          | 2024-09-02T08:00:00+0900 | 2024-09-01T00:00:00+0900 |            6725            |  Sim   |
|   3   | TG21900020_TG21900020.csv |  R189016  |  TG21900020 |          Sim           |         Sim          | 2024-09-02T08:00:00+0900 | 2024-09-01T00:00:00+0900 |            5407            |  Sim   |
|   4   | TG21900025_TG21900025.csv |  R189020  |  TG21900025 |          Sim           |         Sim          | 2024-09-02T08:00:00+0900 | 2024-08-23T00:00:00+0900 |           68107            |  Sim   |
|   5   | TG21900026_TG21900026.csv |  R189021  |  TG21900026 |          Sim           |         Sim          | 2024-09-02T08:00:00+0900 | 2024-09-01T00:00:00+0900 |           10805            |  Sim   |
|   6   | TG21900027_TG21900027.csv |  R189022  |  TG21900027 |          Sim           |         Sim          | 2024-09-02T08:00:00+0900 | 2024-09-01T00:00:00+0900 |           10708            |  Sim   |
|   7   | TG21900039_TG21900039.csv |  R189030  |  TG21900039 |          Sim           |         Sim          | 2024-09-02T08:00:00+0900 | 2024-09-01T00:00:00+0900 |           10727            |  Sim   |
+-------+---------------------------+-----------+-------------+------------------------+----------------------+--------------------------+--------------------------+----------------------------+--------+
2024-09-01 23:26:45,144 - INFO - 

Chamando o script Sensores_04_Calcula_Media.py
2024-09-01 23:26:45,144 - INFO - 

Chamando o script Sensores_04_Calcula_Media.py
2024-09-01 23:26:49,123 - INFO - Script Sensores_04_Calcula_Media.py executado com sucesso.
2024-09-01 23:26:49,123 - INFO - Script Sensores_04_Calcula_Media.py executado com sucesso.
