2024-08-28 04:00:36,573 - INFO - 
 ********  Iniciando o script Sensores_03_Incluidos_CSV.py ******

2024-08-28 04:00:42,844 - INFO - Resumo dos Arquivos CSV:
+-------+---------------------------+-----------+-------------+------------------------+----------------------+--------------------------+--------------------------+----------------------------+--------+
| Index |          Arquivo          | Device ID | Device Name | Primeira Linha Gravada | Última Linha Gravada |      Primeira Linha      |       Última Linha       | Tamanho do Arquivo (bytes) | Movido |
+-------+---------------------------+-----------+-------------+------------------------+----------------------+--------------------------+--------------------------+----------------------------+--------+
|   1   | TG2011008A_TG2011008A.csv |  R189011  |  TG2011008A |          Sim           |         Sim          | 2024-08-28T15:00:00+0900 | 2024-08-23T00:00:00+0900 |           48205            |  Sim   |
|   2   | TG21900016_TG21900016.csv |  R189014  |  TG21900016 |          Sim           |         Sim          | 2024-08-28T08:00:00+0900 | 2024-08-23T00:00:00+0900 |           26165            |  Sim   |
|   3   | TG21900017_TG21900017.csv |  R189033  |  TG21900017 |          Sim           |         Sim          | 2024-08-28T08:00:00+0900 | 2024-08-23T00:00:00+0900 |           24783            |  Sim   |
|   4   | TG21900019_TG21900019.csv |  R189034  |  TG21900019 |          Sim           |         Sim          | 2024-08-28T08:00:00+0900 | 2024-08-23T00:00:00+0900 |           21646            |  Sim   |
|   5   | TG21900020_TG21900020.csv |  R189016  |  TG21900020 |          Sim           |         Sim          | 2024-08-28T08:00:00+0900 | 2024-08-23T00:00:00+0900 |           21470            |  Sim   |
|   6   | TG21900026_TG21900026.csv |  R189021  |  TG21900026 |          Sim           |         Sim          | 2024-08-28T08:00:00+0900 | 2024-08-23T00:00:00+0900 |           42281            |  Sim   |
|   7   | TG21900027_TG21900027.csv |  R189022  |  TG21900027 |          Sim           |         Sim          | 2024-08-28T08:00:00+0900 | 2024-08-18T00:00:00+0900 |           81523            |  Sim   |
|   8   | TG21900039_TG21900039.csv |  R189030  |  TG21900039 |          Sim           |         Sim          | 2024-08-28T08:00:00+0900 | 2024-08-18T00:00:00+0900 |           81515            |  Sim   |
+-------+---------------------------+-----------+-------------+------------------------+----------------------+--------------------------+--------------------------+----------------------------+--------+
2024-08-28 04:00:42,844 - INFO - Resumo dos Arquivos CSV:
+-------+---------------------------+-----------+-------------+------------------------+----------------------+--------------------------+--------------------------+----------------------------+--------+
| Index |          Arquivo          | Device ID | Device Name | Primeira Linha Gravada | Última Linha Gravada |      Primeira Linha      |       Última Linha       | Tamanho do Arquivo (bytes) | Movido |
+-------+---------------------------+-----------+-------------+------------------------+----------------------+--------------------------+--------------------------+----------------------------+--------+
|   1   | TG2011008A_TG2011008A.csv |  R189011  |  TG2011008A |          Sim           |         Sim          | 2024-08-28T15:00:00+0900 | 2024-08-23T00:00:00+0900 |           48205            |  Sim   |
|   2   | TG21900016_TG21900016.csv |  R189014  |  TG21900016 |          Sim           |         Sim          | 2024-08-28T08:00:00+0900 | 2024-08-23T00:00:00+0900 |           26165            |  Sim   |
|   3   | TG21900017_TG21900017.csv |  R189033  |  TG21900017 |          Sim           |         Sim          | 2024-08-28T08:00:00+0900 | 2024-08-23T00:00:00+0900 |           24783            |  Sim   |
|   4   | TG21900019_TG21900019.csv |  R189034  |  TG21900019 |          Sim           |         Sim          | 2024-08-28T08:00:00+0900 | 2024-08-23T00:00:00+0900 |           21646            |  Sim   |
|   5   | TG21900020_TG21900020.csv |  R189016  |  TG21900020 |          Sim           |         Sim          | 2024-08-28T08:00:00+0900 | 2024-08-23T00:00:00+0900 |           21470            |  Sim   |
|   6   | TG21900026_TG21900026.csv |  R189021  |  TG21900026 |          Sim           |         Sim          | 2024-08-28T08:00:00+0900 | 2024-08-23T00:00:00+0900 |           42281            |  Sim   |
|   7   | TG21900027_TG21900027.csv |  R189022  |  TG21900027 |          Sim           |         Sim          | 2024-08-28T08:00:00+0900 | 2024-08-18T00:00:00+0900 |           81523            |  Sim   |
|   8   | TG21900039_TG21900039.csv |  R189030  |  TG21900039 |          Sim           |         Sim          | 2024-08-28T08:00:00+0900 | 2024-08-18T00:00:00+0900 |           81515            |  Sim   |
+-------+---------------------------+-----------+-------------+------------------------+----------------------+--------------------------+--------------------------+----------------------------+--------+
2024-08-28 04:00:42,848 - INFO - 

Chamando o script Sensores_04_Calcula_Media.py
2024-08-28 04:00:42,848 - INFO - 

Chamando o script Sensores_04_Calcula_Media.py
2024-08-28 04:00:46,646 - INFO - Script Sensores_04_Calcula_Media.py executado com sucesso.
2024-08-28 04:00:46,646 - INFO - Script Sensores_04_Calcula_Media.py executado com sucesso.
