2024-08-12 00:03:36,520 - INFO - 
 ********  Iniciando o script Sensores_03_Incluidos_CSV.py ******

2024-08-12 00:03:46,291 - INFO - Resumo dos Arquivos CSV:
+-------+---------------------------+-----------+-------------+------------------------+----------------------+--------------------------+--------------------------+----------------------------+--------+
| Index |          Arquivo          | Device ID | Device Name | Primeira Linha Gravada | Última Linha Gravada |      Primeira Linha      |       Última Linha       | Tamanho do Arquivo (bytes) | Movido |
+-------+---------------------------+-----------+-------------+------------------------+----------------------+--------------------------+--------------------------+----------------------------+--------+
|   1   | TG2011008A_TG2011008A.csv |  R189011  |  TG2011008A |          Sim           |         Sim          | 2024-08-12T04:00:00+0900 | 2024-07-18T03:10:00+0900 |           215905           |  Sim   |
|   2   | TG21900016_TG21900016.csv |  R189014  |  TG21900016 |          Sim           |         Sim          | 2024-08-12T04:00:00+0900 | 2024-01-25T04:04:43+0900 |          1137702           |  Sim   |
|   3   | TG21900017_TG21900017.csv |  R189033  |  TG21900017 |          Sim           |         Sim          | 2024-08-12T04:00:00+0900 | 2024-01-26T04:44:09+0900 |          1509570           |  Sim   |
|   4   | TG21900019_TG21900019.csv |  R189034  |  TG21900019 |          Sim           |         Sim          | 2024-08-12T04:00:00+0900 | 2024-01-24T22:44:30+0900 |          1292892           |  Sim   |
|   5   | TG21900020_TG21900020.csv |  R189016  |  TG21900020 |          Sim           |         Sim          | 2024-08-12T04:00:00+0900 | 2024-01-17T03:30:20+0900 |          1035496           |  Sim   |
|   6   | TG21900024_TG21900024.csv |  R189019  |  TG21900024 |          Sim           |         Sim          | 2024-08-12T04:00:00+0900 | 2024-02-18T06:44:16+0900 |          1353389           |  Sim   |
|   7   | TG21900025_TG21900025.csv |  R189020  |  TG21900025 |          Sim           |         Sim          | 2024-08-12T03:00:00+0900 | 2024-01-25T07:32:34+0900 |          1457882           |  Sim   |
|   8   | TG21900026_TG21900026.csv |  R189021  |  TG21900026 |          Sim           |         Sim          | 2024-08-12T04:00:00+0900 | 2024-01-25T01:39:05+0900 |          1575965           |  Sim   |
|   9   | TG21900027_TG21900027.csv |  R189022  |  TG21900027 |          Sim           |         Sim          | 2024-08-12T04:00:00+0900 | 2024-01-17T03:06:14+0900 |          1642264           |  Sim   |
|   10  | TG21900039_TG21900039.csv |  R189030  |  TG21900039 |          Sim           |         Sim          | 2024-08-12T04:00:00+0900 | 2023-12-12T22:50:00+0900 |          1753636           |  Sim   |
|   11  | TG21900046_TG21900046.csv |  R189026  |  TG21900046 |          Sim           |         Sim          | 2024-08-12T04:00:00+0900 | 2024-01-25T21:18:45+0900 |          1522717           |  Sim   |
+-------+---------------------------+-----------+-------------+------------------------+----------------------+--------------------------+--------------------------+----------------------------+--------+
2024-08-12 00:03:46,291 - INFO - Resumo dos Arquivos CSV:
+-------+---------------------------+-----------+-------------+------------------------+----------------------+--------------------------+--------------------------+----------------------------+--------+
| Index |          Arquivo          | Device ID | Device Name | Primeira Linha Gravada | Última Linha Gravada |      Primeira Linha      |       Última Linha       | Tamanho do Arquivo (bytes) | Movido |
+-------+---------------------------+-----------+-------------+------------------------+----------------------+--------------------------+--------------------------+----------------------------+--------+
|   1   | TG2011008A_TG2011008A.csv |  R189011  |  TG2011008A |          Sim           |         Sim          | 2024-08-12T04:00:00+0900 | 2024-07-18T03:10:00+0900 |           215905           |  Sim   |
|   2   | TG21900016_TG21900016.csv |  R189014  |  TG21900016 |          Sim           |         Sim          | 2024-08-12T04:00:00+0900 | 2024-01-25T04:04:43+0900 |          1137702           |  Sim   |
|   3   | TG21900017_TG21900017.csv |  R189033  |  TG21900017 |          Sim           |         Sim          | 2024-08-12T04:00:00+0900 | 2024-01-26T04:44:09+0900 |          1509570           |  Sim   |
|   4   | TG21900019_TG21900019.csv |  R189034  |  TG21900019 |          Sim           |         Sim          | 2024-08-12T04:00:00+0900 | 2024-01-24T22:44:30+0900 |          1292892           |  Sim   |
|   5   | TG21900020_TG21900020.csv |  R189016  |  TG21900020 |          Sim           |         Sim          | 2024-08-12T04:00:00+0900 | 2024-01-17T03:30:20+0900 |          1035496           |  Sim   |
|   6   | TG21900024_TG21900024.csv |  R189019  |  TG21900024 |          Sim           |         Sim          | 2024-08-12T04:00:00+0900 | 2024-02-18T06:44:16+0900 |          1353389           |  Sim   |
|   7   | TG21900025_TG21900025.csv |  R189020  |  TG21900025 |          Sim           |         Sim          | 2024-08-12T03:00:00+0900 | 2024-01-25T07:32:34+0900 |          1457882           |  Sim   |
|   8   | TG21900026_TG21900026.csv |  R189021  |  TG21900026 |          Sim           |         Sim          | 2024-08-12T04:00:00+0900 | 2024-01-25T01:39:05+0900 |          1575965           |  Sim   |
|   9   | TG21900027_TG21900027.csv |  R189022  |  TG21900027 |          Sim           |         Sim          | 2024-08-12T04:00:00+0900 | 2024-01-17T03:06:14+0900 |          1642264           |  Sim   |
|   10  | TG21900039_TG21900039.csv |  R189030  |  TG21900039 |          Sim           |         Sim          | 2024-08-12T04:00:00+0900 | 2023-12-12T22:50:00+0900 |          1753636           |  Sim   |
|   11  | TG21900046_TG21900046.csv |  R189026  |  TG21900046 |          Sim           |         Sim          | 2024-08-12T04:00:00+0900 | 2024-01-25T21:18:45+0900 |          1522717           |  Sim   |
+-------+---------------------------+-----------+-------------+------------------------+----------------------+--------------------------+--------------------------+----------------------------+--------+
2024-08-12 00:03:46,297 - INFO - 

Chamando o script Sensores_04_Calcula_Media.py
2024-08-12 00:03:46,297 - INFO - 

Chamando o script Sensores_04_Calcula_Media.py
2024-08-12 00:03:50,702 - INFO - Script Sensores_04_Calcula_Media.py executado com sucesso.
2024-08-12 00:03:50,702 - INFO - Script Sensores_04_Calcula_Media.py executado com sucesso.
